2018-12-10 09:00:45,528 INFO org.springframework.boot.StartupInfoLogger [restartedMain] Starting ApplicationLauncher on MacBook-Air-de-David.local with PID 53924 (/Users/kortax/Documents/workspace-sts-3.9.6.RELEASE/todo/target/classes started by kortax in /Users/kortax/Documents/workspace-sts-3.9.6.RELEASE/todo)
2018-12-10 09:00:45,534 DEBUG org.springframework.boot.StartupInfoLogger [restartedMain] Running with Spring Boot v2.1.1.RELEASE, Spring v5.1.3.RELEASE
2018-12-10 09:00:45,537 INFO org.springframework.boot.SpringApplication [restartedMain] No active profile set, falling back to default profiles: default
2018-12-10 09:00:45,795 INFO org.springframework.boot.logging.DeferredLog [restartedMain] Devtools property defaults active! Set 'spring.devtools.add-properties' to 'false' to disable
2018-12-10 09:00:45,797 INFO org.springframework.boot.logging.DeferredLog [restartedMain] For additional web related logging consider setting the 'logging.level.web' property to 'DEBUG'
2018-12-10 09:00:47,449 INFO org.springframework.data.repository.config.RepositoryConfigurationDelegate [restartedMain] Bootstrapping Spring Data repositories in DEFAULT mode.
2018-12-10 09:00:47,520 INFO org.springframework.data.repository.config.RepositoryConfigurationDelegate [restartedMain] Finished Spring Data repository scanning in 30ms. Found 0 repository interfaces.
2018-12-10 09:00:49,343 INFO org.springframework.boot.web.embedded.tomcat.TomcatWebServer [restartedMain] Tomcat initialized with port(s): 8080 (http)
2018-12-10 09:00:49,371 INFO org.apache.juli.logging.DirectJDKLog [restartedMain] Initializing ProtocolHandler ["http-nio-8080"]
2018-12-10 09:00:49,395 INFO org.apache.juli.logging.DirectJDKLog [restartedMain] Starting service [Tomcat]
2018-12-10 09:00:49,397 INFO org.apache.juli.logging.DirectJDKLog [restartedMain] Starting Servlet Engine: Apache Tomcat/9.0.13
2018-12-10 09:00:49,430 INFO org.apache.juli.logging.DirectJDKLog [restartedMain] The APR based Apache Tomcat Native library which allows optimal performance in production environments was not found on the java.library.path: [/Users/kortax/Library/Java/Extensions:/Library/Java/Extensions:/Network/Library/Java/Extensions:/System/Library/Java/Extensions:/usr/lib/java:.]
2018-12-10 09:00:49,588 INFO org.apache.juli.logging.DirectJDKLog [restartedMain] Initializing Spring embedded WebApplicationContext
2018-12-10 09:00:49,590 INFO org.springframework.boot.web.servlet.context.ServletWebServerApplicationContext [restartedMain] Root WebApplicationContext: initialization completed in 3792 ms
2018-12-10 09:00:50,361 INFO com.zaxxer.hikari.HikariDataSource [restartedMain] HikariPool-1 - Starting...
2018-12-10 09:00:50,765 INFO com.zaxxer.hikari.HikariDataSource [restartedMain] HikariPool-1 - Start completed.
2018-12-10 09:00:50,911 INFO org.hibernate.jpa.internal.util.LogHelper [restartedMain] HHH000204: Processing PersistenceUnitInfo [
	name: default
	...]
2018-12-10 09:00:51,096 INFO org.hibernate.Version [restartedMain] HHH000412: Hibernate Core {5.3.7.Final}
2018-12-10 09:00:51,099 INFO org.hibernate.cfg.Environment [restartedMain] HHH000206: hibernate.properties not found
2018-12-10 09:00:51,495 INFO org.hibernate.annotations.common.reflection.java.JavaReflectionManager [restartedMain] HCANN000001: Hibernate Commons Annotations {5.0.4.Final}
2018-12-10 09:00:51,835 INFO org.hibernate.dialect.Dialect [restartedMain] HHH000400: Using dialect: org.hibernate.dialect.H2Dialect
2018-12-10 09:00:53,621 DEBUG org.hibernate.engine.jdbc.spi.SqlStatementLogger [restartedMain] 
    
    drop table tasks if exists
2018-12-10 09:00:53,631 DEBUG org.hibernate.engine.jdbc.spi.SqlStatementLogger [restartedMain] 
    
    create table tasks (
       id integer generated by default as identity,
        category varchar(255),
        description varchar(255),
        name varchar(255),
        primary key (id)
    )
2018-12-10 09:00:53,651 INFO org.hibernate.tool.schema.internal.SchemaCreatorImpl [restartedMain] HHH000476: Executing import script 'org.hibernate.tool.schema.internal.exec.ScriptSourceInputNonExistentImpl@6f8922dd'
2018-12-10 09:00:53,658 INFO org.springframework.orm.jpa.AbstractEntityManagerFactoryBean [restartedMain] Initialized JPA EntityManagerFactory for persistence unit 'default'
2018-12-10 09:00:53,743 INFO org.springframework.boot.devtools.autoconfigure.OptionalLiveReloadServer [restartedMain] LiveReload server is running on port 35729
2018-12-10 09:00:54,474 INFO org.apache.juli.logging.DirectJDKLog [restartedMain] Starting ProtocolHandler ["http-nio-8080"]
2018-12-10 09:00:54,522 INFO org.apache.juli.logging.DirectJDKLog [restartedMain] Using a shared selector for servlet write/read
2018-12-10 09:00:54,558 INFO org.springframework.boot.web.embedded.tomcat.TomcatWebServer [restartedMain] Tomcat started on port(s): 8080 (http) with context path ''
2018-12-10 09:00:54,567 INFO org.springframework.boot.StartupInfoLogger [restartedMain] Started ApplicationLauncher in 10.298 seconds (JVM running for 11.597)
2018-12-10 09:01:16,950 DEBUG com.davidcortijo.todo.rest.TodoEndpoint [http-nio-8080-exec-2] Request received for resource 'list'
2018-12-10 09:01:17,390 INFO org.hibernate.hql.internal.QueryTranslatorFactoryInitiator [http-nio-8080-exec-2] HHH000397: Using ASTQueryTranslatorFactory
2018-12-10 09:01:17,688 DEBUG org.hibernate.engine.jdbc.spi.SqlStatementLogger [http-nio-8080-exec-2] 
    select
        task0_.id as id1_0_,
        task0_.category as category2_0_,
        task0_.description as descript3_0_,
        task0_.name as name4_0_ 
    from
        tasks task0_
2018-12-10 09:01:53,268 DEBUG com.davidcortijo.todo.rest.TodoEndpoint [http-nio-8080-exec-3] Request received for resource 'details'
2018-12-10 09:01:53,294 DEBUG org.hibernate.engine.jdbc.spi.SqlStatementLogger [http-nio-8080-exec-3] 
    select
        task0_.id as id1_0_0_,
        task0_.category as category2_0_0_,
        task0_.description as descript3_0_0_,
        task0_.name as name4_0_0_ 
    from
        tasks task0_ 
    where
        task0_.id=?
2018-12-10 09:06:01,615 DEBUG com.davidcortijo.todo.rest.TodoEndpoint [http-nio-8080-exec-5] Request received for resource 'add'
2018-12-10 09:06:01,679 DEBUG org.hibernate.engine.jdbc.spi.SqlStatementLogger [http-nio-8080-exec-5] 
    insert 
    into
        tasks
        (id, category, description, name) 
    values
        (null, ?, ?, ?)
2018-12-10 09:06:09,340 DEBUG com.davidcortijo.todo.rest.TodoEndpoint [http-nio-8080-exec-6] Request received for resource 'list'
2018-12-10 09:06:09,349 DEBUG org.hibernate.engine.jdbc.spi.SqlStatementLogger [http-nio-8080-exec-6] 
    select
        task0_.id as id1_0_,
        task0_.category as category2_0_,
        task0_.description as descript3_0_,
        task0_.name as name4_0_ 
    from
        tasks task0_
2018-12-10 09:06:41,219 DEBUG com.davidcortijo.todo.rest.TodoEndpoint [http-nio-8080-exec-7] Request received for resource 'add'
2018-12-10 09:06:41,244 DEBUG org.hibernate.engine.jdbc.spi.SqlStatementLogger [http-nio-8080-exec-7] 
    insert 
    into
        tasks
        (id, category, description, name) 
    values
        (null, ?, ?, ?)
2018-12-10 09:06:46,685 DEBUG com.davidcortijo.todo.rest.TodoEndpoint [http-nio-8080-exec-9] Request received for resource 'list'
2018-12-10 09:06:46,688 DEBUG org.hibernate.engine.jdbc.spi.SqlStatementLogger [http-nio-8080-exec-9] 
    select
        task0_.id as id1_0_,
        task0_.category as category2_0_,
        task0_.description as descript3_0_,
        task0_.name as name4_0_ 
    from
        tasks task0_
2018-12-10 09:20:53,198 INFO org.springframework.orm.jpa.AbstractEntityManagerFactoryBean [Thread-5] Closing JPA EntityManagerFactory for persistence unit 'default'
2018-12-10 09:20:53,207 INFO org.hibernate.tool.schema.internal.SchemaDropperImpl$DelayedDropActionImpl [Thread-5] HHH000477: Starting delayed evictData of schema as part of SessionFactory shut-down'
2018-12-10 09:20:53,215 DEBUG org.hibernate.engine.jdbc.spi.SqlStatementLogger [Thread-5] 
    
    drop table tasks if exists
2018-12-10 09:20:53,258 INFO org.springframework.beans.factory.support.DisposableBeanAdapter [Thread-5] Invocation of destroy method failed on bean with name 'inMemoryDatabaseShutdownExecutor': org.h2.jdbc.JdbcSQLException: La base de datos ya esta cerrada (para des-habilitar el cerrado automatico durante el shutdown de la VM, agregue ";DB_CLOSE_ON_EXIT=FALSE" a la URL de conexión)
Database is already closed (to disable automatic closing at VM shutdown, add ";DB_CLOSE_ON_EXIT=FALSE" to the db URL) [90121-197]
2018-12-10 09:20:53,260 INFO com.zaxxer.hikari.HikariDataSource [Thread-5] HikariPool-1 - Shutdown initiated...
2018-12-10 09:20:53,280 INFO com.zaxxer.hikari.HikariDataSource [Thread-5] HikariPool-1 - Shutdown completed.
2018-12-10 09:20:54,368 INFO org.springframework.boot.StartupInfoLogger [restartedMain] Starting ApplicationLauncher on MacBook-Air-de-David.local with PID 53924 (/Users/kortax/Documents/workspace-sts-3.9.6.RELEASE/todo/target/classes started by kortax in /Users/kortax/Documents/workspace-sts-3.9.6.RELEASE/todo)
2018-12-10 09:20:54,369 DEBUG org.springframework.boot.StartupInfoLogger [restartedMain] Running with Spring Boot v2.1.1.RELEASE, Spring v5.1.3.RELEASE
2018-12-10 09:20:54,370 INFO org.springframework.boot.SpringApplication [restartedMain] No active profile set, falling back to default profiles: default
2018-12-10 09:20:55,305 INFO org.springframework.data.repository.config.RepositoryConfigurationDelegate [restartedMain] Bootstrapping Spring Data repositories in DEFAULT mode.
2018-12-10 09:20:55,312 INFO org.springframework.data.repository.config.RepositoryConfigurationDelegate [restartedMain] Finished Spring Data repository scanning in 6ms. Found 0 repository interfaces.
2018-12-10 09:20:55,728 INFO org.springframework.boot.web.embedded.tomcat.TomcatWebServer [restartedMain] Tomcat initialized with port(s): 8080 (http)
2018-12-10 09:20:55,730 INFO org.apache.juli.logging.DirectJDKLog [restartedMain] Initializing ProtocolHandler ["http-nio-8080"]
2018-12-10 09:20:55,732 INFO org.apache.juli.logging.DirectJDKLog [restartedMain] Starting service [Tomcat]
2018-12-10 09:20:55,733 INFO org.apache.juli.logging.DirectJDKLog [restartedMain] Starting Servlet Engine: Apache Tomcat/9.0.13
2018-12-10 09:20:55,776 INFO org.apache.juli.logging.DirectJDKLog [restartedMain] Initializing Spring embedded WebApplicationContext
2018-12-10 09:20:55,777 INFO org.springframework.boot.web.servlet.context.ServletWebServerApplicationContext [restartedMain] Root WebApplicationContext: initialization completed in 1399 ms
2018-12-10 09:20:56,017 INFO com.zaxxer.hikari.HikariDataSource [restartedMain] HikariPool-2 - Starting...
2018-12-10 09:20:56,022 INFO com.zaxxer.hikari.HikariDataSource [restartedMain] HikariPool-2 - Start completed.
2018-12-10 09:20:56,037 INFO org.hibernate.jpa.internal.util.LogHelper [restartedMain] HHH000204: Processing PersistenceUnitInfo [
	name: default
	...]
2018-12-10 09:20:56,054 INFO org.hibernate.dialect.Dialect [restartedMain] HHH000400: Using dialect: org.hibernate.dialect.H2Dialect
2018-12-10 09:20:56,120 INFO org.hibernate.tuple.PojoInstantiator [restartedMain] HHH000182: No default (no-argument) constructor for class: com.davidcortijo.todo.beans.Task (class must be instantiated by Interceptor)
2018-12-10 09:20:56,174 DEBUG org.hibernate.engine.jdbc.spi.SqlStatementLogger [restartedMain] 
    
    drop table tasks if exists
2018-12-10 09:20:56,175 DEBUG org.hibernate.engine.jdbc.spi.SqlStatementLogger [restartedMain] 
    
    create table tasks (
       id integer generated by default as identity,
        category varchar(255),
        description varchar(255),
        name varchar(255),
        primary key (id)
    )
2018-12-10 09:20:56,180 INFO org.hibernate.tool.schema.internal.SchemaCreatorImpl [restartedMain] HHH000476: Executing import script 'org.hibernate.tool.schema.internal.exec.ScriptSourceInputNonExistentImpl@6f8922dd'
2018-12-10 09:20:56,181 INFO org.springframework.orm.jpa.AbstractEntityManagerFactoryBean [restartedMain] Initialized JPA EntityManagerFactory for persistence unit 'default'
2018-12-10 09:20:56,195 INFO org.springframework.boot.devtools.autoconfigure.OptionalLiveReloadServer [restartedMain] LiveReload server is running on port 35729
2018-12-10 09:20:56,465 INFO org.apache.juli.logging.DirectJDKLog [restartedMain] Starting ProtocolHandler ["http-nio-8080"]
2018-12-10 09:20:56,467 INFO org.apache.juli.logging.DirectJDKLog [restartedMain] Using a shared selector for servlet write/read
2018-12-10 09:20:56,477 INFO org.springframework.boot.web.embedded.tomcat.TomcatWebServer [restartedMain] Tomcat started on port(s): 8080 (http) with context path ''
2018-12-10 09:20:56,479 INFO org.springframework.boot.StartupInfoLogger [restartedMain] Started ApplicationLauncher in 2.43 seconds (JVM running for 1213.441)
2018-12-10 09:20:56,491 INFO org.springframework.boot.devtools.autoconfigure.ConditionEvaluationDeltaLoggingListener [restartedMain] Condition evaluation unchanged
2018-12-10 09:50:25,959 INFO org.springframework.orm.jpa.AbstractEntityManagerFactoryBean [Thread-16] Closing JPA EntityManagerFactory for persistence unit 'default'
2018-12-10 09:50:26,118 INFO org.hibernate.tool.schema.internal.SchemaDropperImpl$DelayedDropActionImpl [Thread-16] HHH000477: Starting delayed evictData of schema as part of SessionFactory shut-down'
2018-12-10 09:50:26,124 DEBUG org.hibernate.engine.jdbc.spi.SqlStatementLogger [Thread-16] 
    
    drop table tasks if exists
2018-12-10 09:50:26,136 INFO org.springframework.beans.factory.support.DisposableBeanAdapter [Thread-16] Invocation of destroy method failed on bean with name 'inMemoryDatabaseShutdownExecutor': org.h2.jdbc.JdbcSQLException: La base de datos ya esta cerrada (para des-habilitar el cerrado automatico durante el shutdown de la VM, agregue ";DB_CLOSE_ON_EXIT=FALSE" a la URL de conexión)
Database is already closed (to disable automatic closing at VM shutdown, add ";DB_CLOSE_ON_EXIT=FALSE" to the db URL) [90121-197]
2018-12-10 09:50:26,137 INFO com.zaxxer.hikari.HikariDataSource [Thread-16] HikariPool-2 - Shutdown initiated...
2018-12-10 09:50:26,140 INFO com.zaxxer.hikari.HikariDataSource [Thread-16] HikariPool-2 - Shutdown completed.
